Flow report for LAB1
Wed Aug 25 09:00:08 2021
Quartus Prime Version 15.1.0 Build 185 10/21/2015 SJ Lite Edition


---------------------
; Table of Contents ;
---------------------
  1. Legal Notice
  2. Flow Summary
  3. Flow Settings
  4. Flow Non-Default Global Settings
  5. Flow Elapsed Time
  6. Flow OS Summary
  7. Flow Log
  8. Flow Messages
  9. Flow Suppressed Messages



----------------
; Legal Notice ;
----------------
Copyright (C) 1991-2015 Altera Corporation. All rights reserved.
Your use of Altera Corporation's design tools, logic functions 
and other software and tools, and its AMPP partner logic 
functions, and any output files from any of the foregoing 
(including device programming or simulation files), and any 
associated documentation or information are expressly subject 
to the terms and conditions of the Altera Program License 
Subscription Agreement, the Altera Quartus Prime License Agreement,
the Altera MegaCore Function License Agreement, or other 
applicable license agreement, including, without limitation, 
that your use is for the sole purpose of programming logic 
devices manufactured by Altera and sold by Altera or its 
authorized distributors.  Please refer to the applicable 
agreement for further details.



+----------------------------------------------------------------------------------+
; Flow Summary                                                                     ;
+------------------------------------+---------------------------------------------+
; Flow Status                        ; Successful - Wed Aug 25 09:00:08 2021       ;
; Quartus Prime Version              ; 15.1.0 Build 185 10/21/2015 SJ Lite Edition ;
; Revision Name                      ; LAB1                                        ;
; Top-level Entity Name              ; pc                                          ;
; Family                             ; Cyclone IV GX                               ;
; Total logic elements               ; 62 / 21,280 ( < 1 % )                       ;
;     Total combinational functions  ; 62 / 21,280 ( < 1 % )                       ;
;     Dedicated logic registers      ; 32 / 21,280 ( < 1 % )                       ;
; Total registers                    ; 32                                          ;
; Total pins                         ; 68 / 167 ( 41 % )                           ;
; Total virtual pins                 ; 0                                           ;
; Total memory bits                  ; 0 / 774,144 ( 0 % )                         ;
; Embedded Multiplier 9-bit elements ; 0 / 80 ( 0 % )                              ;
; Total GXB Receiver Channel PCS     ; 0 / 4 ( 0 % )                               ;
; Total GXB Receiver Channel PMA     ; 0 / 4 ( 0 % )                               ;
; Total GXB Transmitter Channel PCS  ; 0 / 4 ( 0 % )                               ;
; Total GXB Transmitter Channel PMA  ; 0 / 4 ( 0 % )                               ;
; Total PLLs                         ; 0 / 4 ( 0 % )                               ;
; Device                             ; EP4CGX22CF19C6                              ;
; Timing Models                      ; Final                                       ;
+------------------------------------+---------------------------------------------+


+-----------------------------------------+
; Flow Settings                           ;
+-------------------+---------------------+
; Option            ; Setting             ;
+-------------------+---------------------+
; Start date & time ; 08/25/2021 22:10:26 ;
; Main task         ; Compilation         ;
; Revision Name     ; LAB1                ;
+-------------------+---------------------+


+----------------------------------------------------------------------------------------------------------------------+
; Flow Non-Default Global Settings                                                                                     ;
+-------------------------------------+---------------------------------+---------------+-------------+----------------+
; Assignment Name                     ; Value                           ; Default Value ; Entity Name ; Section Id     ;
+-------------------------------------+---------------------------------+---------------+-------------+----------------+
; COMPILER_SIGNATURE_ID               ; 168202116130616.162990962601864 ; --            ; --          ; --             ;
; EDA_OUTPUT_DATA_FORMAT              ; Vhdl                            ; --            ; --          ; eda_simulation ;
; EDA_SIMULATION_TOOL                 ; ModelSim-Altera (VHDL)          ; <None>        ; --          ; --             ;
; PARTITION_COLOR                     ; 16764057                        ; --            ; pc          ; Top            ;
; PARTITION_FITTER_PRESERVATION_LEVEL ; PLACEMENT_AND_ROUTING           ; --            ; pc          ; Top            ;
; PARTITION_NETLIST_TYPE              ; SOURCE                          ; --            ; pc          ; Top            ;
; PROJECT_OUTPUT_DIRECTORY            ; output_files                    ; --            ; --          ; --             ;
; TOP_LEVEL_ENTITY                    ; pc                              ; LAB1          ; --          ; --             ;
+-------------------------------------+---------------------------------+---------------+-------------+----------------+


+-------------------------------------------------------------------------------------------------------------------------------+
; Flow Elapsed Time                                                                                                             ;
+---------------------------+--------------+-------------------------+---------------------+------------------------------------+
; Module Name               ; Elapsed Time ; Average Processors Used ; Peak Virtual Memory ; Total CPU Time (on all processors) ;
+---------------------------+--------------+-------------------------+---------------------+------------------------------------+
; Analysis & Synthesis      ; 00:00:09     ; 1.0                     ; 5032 MB             ; 00:00:20                           ;
; Fitter                    ; 00:00:09     ; 1.0                     ; 5878 MB             ; 00:00:10                           ;
; Assembler                 ; 00:00:02     ; 1.0                     ; 4916 MB             ; 00:00:01                           ;
; TimeQuest Timing Analyzer ; 00:00:03     ; 1.0                     ; 4977 MB             ; 00:00:02                           ;
; EDA Netlist Writer        ; 00:00:01     ; 1.0                     ; 4881 MB             ; 00:00:01                           ;
; EDA Netlist Writer        ; 00:00:01     ; 1.0                     ; 4866 MB             ; 00:00:01                           ;
; EDA Netlist Writer        ; 00:00:01     ; 1.0                     ; 4870 MB             ; 00:00:01                           ;
; EDA Netlist Writer        ; 00:00:00     ; 1.0                     ; 4866 MB             ; 00:00:01                           ;
; EDA Netlist Writer        ; 00:00:01     ; 1.0                     ; 4870 MB             ; 00:00:01                           ;
; EDA Netlist Writer        ; 00:00:01     ; 1.0                     ; 4866 MB             ; 00:00:01                           ;
; EDA Netlist Writer        ; 00:00:00     ; 1.0                     ; 4870 MB             ; 00:00:01                           ;
; EDA Netlist Writer        ; 00:00:00     ; 1.0                     ; 4866 MB             ; 00:00:01                           ;
; EDA Netlist Writer        ; 00:00:01     ; 1.0                     ; 4870 MB             ; 00:00:01                           ;
; Total                     ; 00:00:29     ; --                      ; --                  ; 00:00:42                           ;
+---------------------------+--------------+-------------------------+---------------------+------------------------------------+


+----------------------------------------------------------------------------------------+
; Flow OS Summary                                                                        ;
+---------------------------+------------------+-----------+------------+----------------+
; Module Name               ; Machine Hostname ; OS Name   ; OS Version ; Processor type ;
+---------------------------+------------------+-----------+------------+----------------+
; Analysis & Synthesis      ; Lucifer          ; Windows 8 ; 6.2        ; x86_64         ;
; Fitter                    ; Lucifer          ; Windows 8 ; 6.2        ; x86_64         ;
; Assembler                 ; Lucifer          ; Windows 8 ; 6.2        ; x86_64         ;
; TimeQuest Timing Analyzer ; Lucifer          ; Windows 8 ; 6.2        ; x86_64         ;
; EDA Netlist Writer        ; Lucifer          ; Windows 8 ; 6.2        ; x86_64         ;
; EDA Netlist Writer        ; Lucifer          ; Windows 8 ; 6.2        ; x86_64         ;
; EDA Netlist Writer        ; Lucifer          ; Windows 8 ; 6.2        ; x86_64         ;
; EDA Netlist Writer        ; Lucifer          ; Windows 8 ; 6.2        ; x86_64         ;
; EDA Netlist Writer        ; Lucifer          ; Windows 8 ; 6.2        ; x86_64         ;
; EDA Netlist Writer        ; Lucifer          ; Windows 8 ; 6.2        ; x86_64         ;
; EDA Netlist Writer        ; Lucifer          ; Windows 8 ; 6.2        ; x86_64         ;
; EDA Netlist Writer        ; Lucifer          ; Windows 8 ; 6.2        ; x86_64         ;
; EDA Netlist Writer        ; Lucifer          ; Windows 8 ; 6.2        ; x86_64         ;
+---------------------------+------------------+-----------+------------+----------------+


------------
; Flow Log ;
------------
quartus_map --read_settings_files=on --write_settings_files=off LAB1 -c LAB1
quartus_fit --read_settings_files=off --write_settings_files=off LAB1 -c LAB1
quartus_asm --read_settings_files=off --write_settings_files=off LAB1 -c LAB1
quartus_sta LAB1 -c LAB1
quartus_eda --read_settings_files=off --write_settings_files=off LAB1 -c LAB1
quartus_eda --gen_testbench --tool=modelsim_oem --format=verilog --write_settings_files=off LAB1 -c LAB1 --vector_source=C:/Users/anike/OneDrive/Desktop/LAB1/Waveform_PC.vwf --testbench_file=C:/Users/anike/OneDrive/Desktop/LAB1/simulation/qsim/Waveform_PC.vwf.vt
quartus_eda --write_settings_files=off --functional=on --flatten_buses=off --simulation=on --tool=modelsim_oem --format=verilog --output_directory=C:/Users/anike/OneDrive/Desktop/LAB1/simulation/qsim/ LAB1 -c LAB1
quartus_eda --gen_testbench --tool=modelsim_oem --format=verilog --write_settings_files=off LAB1 -c LAB1 --vector_source=C:/Users/anike/OneDrive/Desktop/LAB1/Waveform_PC.vwf --testbench_file=C:/Users/anike/OneDrive/Desktop/LAB1/simulation/qsim/Waveform_PC.vwf.vt
quartus_eda --write_settings_files=off --functional=on --flatten_buses=off --simulation=on --tool=modelsim_oem --format=verilog --output_directory=C:/Users/anike/OneDrive/Desktop/LAB1/simulation/qsim/ LAB1 -c LAB1
quartus_eda --gen_testbench --tool=modelsim_oem --format=verilog --write_settings_files=off LAB1 -c LAB1 --vector_source=C:/Users/anike/OneDrive/Desktop/LAB1/Waveform_PC.vwf --testbench_file=C:/Users/anike/OneDrive/Desktop/LAB1/simulation/qsim/Waveform_PC.vwf.vt
quartus_eda --write_settings_files=off --functional=on --flatten_buses=off --simulation=on --tool=modelsim_oem --format=verilog --output_directory=C:/Users/anike/OneDrive/Desktop/LAB1/simulation/qsim/ LAB1 -c LAB1
quartus_eda --gen_testbench --tool=modelsim_oem --format=verilog --write_settings_files=off LAB1 -c LAB1 --vector_source=C:/Users/anike/OneDrive/Desktop/LAB1/Waveform_PC.vwf --testbench_file=C:/Users/anike/OneDrive/Desktop/LAB1/simulation/qsim/Waveform_PC.vwf.vt
quartus_eda --write_settings_files=off --functional=on --flatten_buses=off --simulation=on --tool=modelsim_oem --format=verilog --output_directory=C:/Users/anike/OneDrive/Desktop/LAB1/simulation/qsim/ LAB1 -c LAB1



