Flow report for lab_3
Tue Sep 21 21:49:33 2021
Quartus Prime Version 15.1.0 Build 185 10/21/2015 SJ Lite Edition


---------------------
; Table of Contents ;
---------------------
  1. Legal Notice
  2. Flow Summary
  3. Flow Settings
  4. Flow Non-Default Global Settings
  5. Flow Elapsed Time
  6. Flow OS Summary
  7. Flow Log
  8. Flow Messages
  9. Flow Suppressed Messages



----------------
; Legal Notice ;
----------------
Copyright (C) 1991-2015 Altera Corporation. All rights reserved.
Your use of Altera Corporation's design tools, logic functions 
and other software and tools, and its AMPP partner logic 
functions, and any output files from any of the foregoing 
(including device programming or simulation files), and any 
associated documentation or information are expressly subject 
to the terms and conditions of the Altera Program License 
Subscription Agreement, the Altera Quartus Prime License Agreement,
the Altera MegaCore Function License Agreement, or other 
applicable license agreement, including, without limitation, 
that your use is for the sole purpose of programming logic 
devices manufactured by Altera and sold by Altera or its 
authorized distributors.  Please refer to the applicable 
agreement for further details.



+----------------------------------------------------------------------------------+
; Flow Summary                                                                     ;
+------------------------------------+---------------------------------------------+
; Flow Status                        ; Successful - Tue Sep 21 21:49:33 2021       ;
; Quartus Prime Version              ; 15.1.0 Build 185 10/21/2015 SJ Lite Edition ;
; Revision Name                      ; lab_3                                       ;
; Top-level Entity Name              ; alu_bcd                                     ;
; Family                             ; Cyclone IV E                                ;
; Total logic elements               ; 41 / 6,272 ( < 1 % )                        ;
;     Total combinational functions  ; 41 / 6,272 ( < 1 % )                        ;
;     Dedicated logic registers      ; 0 / 6,272 ( 0 % )                           ;
; Total registers                    ; 0                                           ;
; Total pins                         ; 29 / 92 ( 32 % )                            ;
; Total virtual pins                 ; 0                                           ;
; Total memory bits                  ; 0 / 276,480 ( 0 % )                         ;
; Embedded Multiplier 9-bit elements ; 0 / 30 ( 0 % )                              ;
; Total PLLs                         ; 0 / 2 ( 0 % )                               ;
; Device                             ; EP4CE6E22C6                                 ;
; Timing Models                      ; Final                                       ;
+------------------------------------+---------------------------------------------+


+-----------------------------------------+
; Flow Settings                           ;
+-------------------+---------------------+
; Option            ; Setting             ;
+-------------------+---------------------+
; Start date & time ; 09/14/2021 14:44:43 ;
; Main task         ; Compilation         ;
; Revision Name     ; lab_3               ;
+-------------------+---------------------+


+------------------------------------------------------------------------------------------------------------------+
; Flow Non-Default Global Settings                                                                                 ;
+-------------------------------------+---------------------------------+---------------+-------------+------------+
; Assignment Name                     ; Value                           ; Default Value ; Entity Name ; Section Id ;
+-------------------------------------+---------------------------------+---------------+-------------+------------+
; COMPILER_SIGNATURE_ID               ; 168202116130616.163161088314420 ; --            ; --          ; --         ;
; PARTITION_COLOR                     ; 16764057                        ; --            ; alu_bcd     ; Top        ;
; PARTITION_FITTER_PRESERVATION_LEVEL ; PLACEMENT_AND_ROUTING           ; --            ; alu_bcd     ; Top        ;
; PARTITION_NETLIST_TYPE              ; SOURCE                          ; --            ; alu_bcd     ; Top        ;
; PROJECT_OUTPUT_DIRECTORY            ; output_files                    ; --            ; --          ; --         ;
; TOP_LEVEL_ENTITY                    ; alu_bcd                         ; lab_3         ; --          ; --         ;
+-------------------------------------+---------------------------------+---------------+-------------+------------+


+-------------------------------------------------------------------------------------------------------------------------------+
; Flow Elapsed Time                                                                                                             ;
+---------------------------+--------------+-------------------------+---------------------+------------------------------------+
; Module Name               ; Elapsed Time ; Average Processors Used ; Peak Virtual Memory ; Total CPU Time (on all processors) ;
+---------------------------+--------------+-------------------------+---------------------+------------------------------------+
; Analysis & Synthesis      ; 00:00:09     ; 1.0                     ; 4961 MB             ; 00:00:18                           ;
; Fitter                    ; 00:00:04     ; 1.0                     ; 5749 MB             ; 00:00:05                           ;
; Assembler                 ; 00:00:01     ; 1.0                     ; 4853 MB             ; 00:00:01                           ;
; TimeQuest Timing Analyzer ; 00:00:02     ; 1.0                     ; 4975 MB             ; 00:00:02                           ;
; EDA Netlist Writer        ; 00:00:00     ; 1.0                     ; 4803 MB             ; 00:00:01                           ;
; EDA Netlist Writer        ; 00:00:01     ; 1.0                     ; 4806 MB             ; 00:00:01                           ;
; EDA Netlist Writer        ; 00:00:01     ; 1.0                     ; 4803 MB             ; 00:00:01                           ;
; EDA Netlist Writer        ; 00:00:00     ; 1.0                     ; 4806 MB             ; 00:00:01                           ;
; Total                     ; 00:00:18     ; --                      ; --                  ; 00:00:30                           ;
+---------------------------+--------------+-------------------------+---------------------+------------------------------------+


+----------------------------------------------------------------------------------------+
; Flow OS Summary                                                                        ;
+---------------------------+------------------+-----------+------------+----------------+
; Module Name               ; Machine Hostname ; OS Name   ; OS Version ; Processor type ;
+---------------------------+------------------+-----------+------------+----------------+
; Analysis & Synthesis      ; Lucifer          ; Windows 8 ; 6.2        ; x86_64         ;
; Fitter                    ; Lucifer          ; Windows 8 ; 6.2        ; x86_64         ;
; Assembler                 ; Lucifer          ; Windows 8 ; 6.2        ; x86_64         ;
; TimeQuest Timing Analyzer ; Lucifer          ; Windows 8 ; 6.2        ; x86_64         ;
; EDA Netlist Writer        ; Lucifer          ; Windows 8 ; 6.2        ; x86_64         ;
; EDA Netlist Writer        ; Lucifer          ; Windows 8 ; 6.2        ; x86_64         ;
; EDA Netlist Writer        ; Lucifer          ; Windows 8 ; 6.2        ; x86_64         ;
; EDA Netlist Writer        ; Lucifer          ; Windows 8 ; 6.2        ; x86_64         ;
+---------------------------+------------------+-----------+------------+----------------+


------------
; Flow Log ;
------------
quartus_map --read_settings_files=on --write_settings_files=off lab_3 -c lab_3
quartus_fit --read_settings_files=off --write_settings_files=off lab_3 -c lab_3
quartus_asm --read_settings_files=off --write_settings_files=off lab_3 -c lab_3
quartus_sta lab_3 -c lab_3
quartus_eda --gen_testbench --tool=modelsim_oem --format=verilog --write_settings_files=off lab_3 -c lab_3 --vector_source=C:/Users/anike/OneDrive/Desktop/lab_3/Waveform.vwf --testbench_file=C:/Users/anike/OneDrive/Desktop/lab_3/simulation/qsim/Waveform.vwf.vt
quartus_eda --write_settings_files=off --functional=on --flatten_buses=off --simulation=on --tool=modelsim_oem --format=verilog --output_directory=C:/Users/anike/OneDrive/Desktop/lab_3/simulation/qsim/ lab_3 -c lab_3
quartus_eda --gen_testbench --tool=modelsim_oem --format=verilog --write_settings_files=off lab_3 -c lab_3 --vector_source=C:/Users/anike/OneDrive/Desktop/lab_3/Waveform.vwf --testbench_file=C:/Users/anike/OneDrive/Desktop/lab_3/simulation/qsim/Waveform.vwf.vt
quartus_eda --write_settings_files=off --functional=on --flatten_buses=off --simulation=on --tool=modelsim_oem --format=verilog --output_directory=C:/Users/anike/OneDrive/Desktop/lab_3/simulation/qsim/ lab_3 -c lab_3



