Analysis & Synthesis report for lab_3
Tue Sep 14 14:44:53 2021
Quartus Prime Version 15.1.0 Build 185 10/21/2015 SJ Lite Edition


---------------------
; Table of Contents ;
---------------------
  1. Legal Notice
  2. Analysis & Synthesis Summary
  3. Analysis & Synthesis Settings
  4. Parallel Compilation
  5. Analysis & Synthesis Source Files Read
  6. Analysis & Synthesis Resource Usage Summary
  7. Analysis & Synthesis Resource Utilization by Entity
  8. User-Specified and Inferred Latches
  9. General Register Statistics
 10. Multiplexer Restructuring Statistics (Restructuring Performed)
 11. Parameter Settings for Inferred Entity Instance: lpm_mult:Mult0
 12. lpm_mult Parameter Settings by Entity Instance
 13. Post-Synthesis Netlist Statistics for Top Partition
 14. Elapsed Time Per Partition
 15. Analysis & Synthesis Messages



----------------
; Legal Notice ;
----------------
Copyright (C) 1991-2015 Altera Corporation. All rights reserved.
Your use of Altera Corporation's design tools, logic functions 
and other software and tools, and its AMPP partner logic 
functions, and any output files from any of the foregoing 
(including device programming or simulation files), and any 
associated documentation or information are expressly subject 
to the terms and conditions of the Altera Program License 
Subscription Agreement, the Altera Quartus Prime License Agreement,
the Altera MegaCore Function License Agreement, or other 
applicable license agreement, including, without limitation, 
that your use is for the sole purpose of programming logic 
devices manufactured by Altera and sold by Altera or its 
authorized distributors.  Please refer to the applicable 
agreement for further details.



+----------------------------------------------------------------------------------+
; Analysis & Synthesis Summary                                                     ;
+------------------------------------+---------------------------------------------+
; Analysis & Synthesis Status        ; Successful - Tue Sep 14 14:44:53 2021       ;
; Quartus Prime Version              ; 15.1.0 Build 185 10/21/2015 SJ Lite Edition ;
; Revision Name                      ; lab_3                                       ;
; Top-level Entity Name              ; alu_bcd                                     ;
; Family                             ; Cyclone IV E                                ;
; Total logic elements               ; 41                                          ;
;     Total combinational functions  ; 41                                          ;
;     Dedicated logic registers      ; 0                                           ;
; Total registers                    ; 0                                           ;
; Total pins                         ; 29                                          ;
; Total virtual pins                 ; 0                                           ;
; Total memory bits                  ; 0                                           ;
; Embedded Multiplier 9-bit elements ; 0                                           ;
; Total PLLs                         ; 0                                           ;
+------------------------------------+---------------------------------------------+


+----------------------------------------------------------------------------------------------------------------------+
; Analysis & Synthesis Settings                                                                                        ;
+----------------------------------------------------------------------------+--------------------+--------------------+
; Option                                                                     ; Setting            ; Default Value      ;
+----------------------------------------------------------------------------+--------------------+--------------------+
; Top-level entity name                                                      ; alu_bcd            ; lab_3              ;
; Family name                                                                ; Cyclone IV E       ; Cyclone V          ;
; Use smart compilation                                                      ; Off                ; Off                ;
; Enable parallel Assembler and TimeQuest Timing Analyzer during compilation ; On                 ; On                 ;
; Enable compact report table                                                ; Off                ; Off                ;
; Restructure Multiplexers                                                   ; Auto               ; Auto               ;
; Create Debugging Nodes for IP Cores                                        ; Off                ; Off                ;
; Preserve fewer node names                                                  ; On                 ; On                 ;
; Disable OpenCore Plus hardware evaluation                                  ; Off                ; Off                ;
; Verilog Version                                                            ; Verilog_2001       ; Verilog_2001       ;
; VHDL Version                                                               ; VHDL_1993          ; VHDL_1993          ;
; State Machine Processing                                                   ; Auto               ; Auto               ;
; Safe State Machine                                                         ; Off                ; Off                ;
; Extract Verilog State Machines                                             ; On                 ; On                 ;
; Extract VHDL State Machines                                                ; On                 ; On                 ;
; Ignore Verilog initial constructs                                          ; Off                ; Off                ;
; Iteration limit for constant Verilog loops                                 ; 5000               ; 5000               ;
; Iteration limit for non-constant Verilog loops                             ; 250                ; 250                ;
; Add Pass-Through Logic to Inferred RAMs                                    ; On                 ; On                 ;
; Infer RAMs from Raw Logic                                                  ; On                 ; On                 ;
; Parallel Synthesis                                                         ; On                 ; On                 ;
; DSP Block Balancing                                                        ; Auto               ; Auto               ;
; NOT Gate Push-Back                                                         ; On                 ; On                 ;
; Power-Up Don't Care                                                        ; On                 ; On                 ;
; Remove Redundant Logic Cells                                               ; Off                ; Off                ;
; Remove Duplicate Registers                                                 ; On                 ; On                 ;
; Ignore CARRY Buffers                                                       ; Off                ; Off                ;
; Ignore CASCADE Buffers                                                     ; Off                ; Off                ;
; Ignore GLOBAL Buffers                                                      ; Off                ; Off                ;
; Ignore ROW GLOBAL Buffers                                                  ; Off                ; Off                ;
; Ignore LCELL Buffers                                                       ; Off                ; Off                ;
; Ignore SOFT Buffers                                                        ; On                 ; On                 ;
; Limit AHDL Integers to 32 Bits                                             ; Off                ; Off                ;
; Optimization Technique                                                     ; Balanced           ; Balanced           ;
; Carry Chain Length                                                         ; 70                 ; 70                 ;
; Auto Carry Chains                                                          ; On                 ; On                 ;
; Auto Open-Drain Pins                                                       ; On                 ; On                 ;
; Perform WYSIWYG Primitive Resynthesis                                      ; Off                ; Off                ;
; Auto ROM Replacement                                                       ; On                 ; On                 ;
; Auto RAM Replacement                                                       ; On                 ; On                 ;
; Auto DSP Block Replacement                                                 ; On                 ; On                 ;
; Auto Shift Register Replacement                                            ; Auto               ; Auto               ;
; Allow Shift Register Merging across Hierarchies                            ; Auto               ; Auto               ;
; Auto Clock Enable Replacement                                              ; On                 ; On                 ;
; Strict RAM Replacement                                                     ; Off                ; Off                ;
; Allow Synchronous Control Signals                                          ; On                 ; On                 ;
; Force Use of Synchronous Clear Signals                                     ; Off                ; Off                ;
; Auto RAM Block Balancing                                                   ; On                 ; On                 ;
; Auto RAM to Logic Cell Conversion                                          ; Off                ; Off                ;
; Auto Resource Sharing                                                      ; Off                ; Off                ;
; Allow Any RAM Size For Recognition                                         ; Off                ; Off                ;
; Allow Any ROM Size For Recognition                                         ; Off                ; Off                ;
; Allow Any Shift Register Size For Recognition                              ; Off                ; Off                ;
; Use LogicLock Constraints during Resource Balancing                        ; On                 ; On                 ;
; Ignore translate_off and synthesis_off directives                          ; Off                ; Off                ;
; Timing-Driven Synthesis                                                    ; On                 ; On                 ;
; Report Parameter Settings                                                  ; On                 ; On                 ;
; Report Source Assignments                                                  ; On                 ; On                 ;
; Report Connectivity Checks                                                 ; On                 ; On                 ;
; Ignore Maximum Fan-Out Assignments                                         ; Off                ; Off                ;
; Synchronization Register Chain Length                                      ; 2                  ; 2                  ;
; PowerPlay Power Optimization During Synthesis                              ; Normal compilation ; Normal compilation ;
; HDL message level                                                          ; Level2             ; Level2             ;
; Suppress Register Optimization Related Messages                            ; Off                ; Off                ;
; Number of Removed Registers Reported in Synthesis Report                   ; 5000               ; 5000               ;
; Number of Swept Nodes Reported in Synthesis Report                         ; 5000               ; 5000               ;
; Number of Inverted Registers Reported in Synthesis Report                  ; 100                ; 100                ;
; Clock MUX Protection                                                       ; On                 ; On                 ;
; Auto Gated Clock Conversion                                                ; Off                ; Off                ;
; Block Design Naming                                                        ; Auto               ; Auto               ;
; SDC constraint protection                                                  ; Off                ; Off                ;
; Synthesis Effort                                                           ; Auto               ; Auto               ;
; Shift Register Replacement - Allow Asynchronous Clear Signal               ; On                 ; On                 ;
; Pre-Mapping Resynthesis Optimization                                       ; Off                ; Off                ;
; Analysis & Synthesis Message Level                                         ; Medium             ; Medium             ;
; Disable Register Merging Across Hierarchies                                ; Auto               ; Auto               ;
; Resource Aware Inference For Block RAM                                     ; On                 ; On                 ;
; Synthesis Seed                                                             ; 1                  ; 1                  ;
+----------------------------------------------------------------------------+--------------------+--------------------+


+------------------------------------------+
; Parallel Compilation                     ;
+----------------------------+-------------+
; Processors                 ; Number      ;
+----------------------------+-------------+
; Number detected on machine ; 12          ;
; Maximum allowed            ; 6           ;
;                            ;             ;
; Average used               ; 1.00        ;
; Maximum used               ; 1           ;
;                            ;             ;
; Usage by Processor         ; % Time Used ;
;     Processor 1            ; 100.0%      ;
+----------------------------+-------------+


+-------------------------------------------------------------------------------------------------------------------------------------------------------------------+
; Analysis & Synthesis Source Files Read                                                                                                                            ;
+----------------------------------+-----------------+------------------------------+---------------------------------------------------------------------+---------+
; File Name with User-Entered Path ; Used in Netlist ; File Type                    ; File Name with Absolute Path                                        ; Library ;
+----------------------------------+-----------------+------------------------------+---------------------------------------------------------------------+---------+
; alu_bcd.vhd                      ; yes             ; User VHDL File               ; C:/Users/anike/OneDrive/Desktop/lab_3/alu_bcd.vhd                   ;         ;
; lpm_mult.tdf                     ; yes             ; Megafunction                 ; c:/altera_lite/15.1/quartus/libraries/megafunctions/lpm_mult.tdf    ;         ;
; aglobal151.inc                   ; yes             ; Megafunction                 ; c:/altera_lite/15.1/quartus/libraries/megafunctions/aglobal151.inc  ;         ;
; lpm_add_sub.inc                  ; yes             ; Megafunction                 ; c:/altera_lite/15.1/quartus/libraries/megafunctions/lpm_add_sub.inc ;         ;
; multcore.inc                     ; yes             ; Megafunction                 ; c:/altera_lite/15.1/quartus/libraries/megafunctions/multcore.inc    ;         ;
; bypassff.inc                     ; yes             ; Megafunction                 ; c:/altera_lite/15.1/quartus/libraries/megafunctions/bypassff.inc    ;         ;
; altshift.inc                     ; yes             ; Megafunction                 ; c:/altera_lite/15.1/quartus/libraries/megafunctions/altshift.inc    ;         ;
; db/mult_j8t.tdf                  ; yes             ; Auto-Generated Megafunction  ; C:/Users/anike/OneDrive/Desktop/lab_3/db/mult_j8t.tdf               ;         ;
+----------------------------------+-----------------+------------------------------+---------------------------------------------------------------------+---------+


+-------------------------------------------------------+
; Analysis & Synthesis Resource Usage Summary           ;
+---------------------------------------------+---------+
; Resource                                    ; Usage   ;
+---------------------------------------------+---------+
; Estimated Total logic elements              ; 41      ;
;                                             ;         ;
; Total combinational functions               ; 41      ;
; Logic element usage by number of LUT inputs ;         ;
;     -- 4 input functions                    ; 16      ;
;     -- 3 input functions                    ; 19      ;
;     -- <=2 input functions                  ; 6       ;
;                                             ;         ;
; Logic elements by mode                      ;         ;
;     -- normal mode                          ; 33      ;
;     -- arithmetic mode                      ; 8       ;
;                                             ;         ;
; Total registers                             ; 0       ;
;     -- Dedicated logic registers            ; 0       ;
;     -- I/O registers                        ; 0       ;
;                                             ;         ;
; I/O pins                                    ; 29      ;
;                                             ;         ;
; Embedded Multiplier 9-bit elements          ; 0       ;
;                                             ;         ;
; Maximum fan-out node                        ; Add0~10 ;
; Maximum fan-out                             ; 9       ;
; Total fan-out                               ; 180     ;
; Average fan-out                             ; 1.75    ;
+---------------------------------------------+---------+


+--------------------------------------------------------------------------------------------------------------------------------------------------------------------------------------------------------------+
; Analysis & Synthesis Resource Utilization by Entity                                                                                                                                                          ;
+---------------------------------+-------------------+--------------+-------------+--------------+---------+-----------+------+--------------+-------------------------------------------------+--------------+
; Compilation Hierarchy Node      ; LC Combinationals ; LC Registers ; Memory Bits ; DSP Elements ; DSP 9x9 ; DSP 18x18 ; Pins ; Virtual Pins ; Full Hierarchy Name                             ; Library Name ;
+---------------------------------+-------------------+--------------+-------------+--------------+---------+-----------+------+--------------+-------------------------------------------------+--------------+
; |alu_bcd                        ; 41 (27)           ; 0 (0)        ; 0           ; 0            ; 0       ; 0         ; 29   ; 0            ; |alu_bcd                                        ; work         ;
;    |lpm_mult:Mult0|             ; 14 (0)            ; 0 (0)        ; 0           ; 0            ; 0       ; 0         ; 0    ; 0            ; |alu_bcd|lpm_mult:Mult0                         ; work         ;
;       |mult_j8t:auto_generated| ; 14 (14)           ; 0 (0)        ; 0           ; 0            ; 0       ; 0         ; 0    ; 0            ; |alu_bcd|lpm_mult:Mult0|mult_j8t:auto_generated ; work         ;
+---------------------------------+-------------------+--------------+-------------+--------------+---------+-----------+------+--------------+-------------------------------------------------+--------------+
Note: For table entries with two numbers listed, the numbers in parentheses indicate the number of resources of the given type used by the specific entity alone. The numbers listed outside of parentheses indicate the total resources of the given type used by the specific entity and all of its sub-entities in the hierarchy.


+---------------------------------------------------------------------------------------------------+
; User-Specified and Inferred Latches                                                               ;
+----------------------------------------------------+---------------------+------------------------+
; Latch Name                                         ; Latch Enable Signal ; Free of Timing Hazards ;
+----------------------------------------------------+---------------------+------------------------+
; TEMP[0]                                            ; Add0                ; yes                    ;
; TEMP[1]                                            ; Add0                ; yes                    ;
; TEMP[2]                                            ; Add0                ; yes                    ;
; TEMP[3]                                            ; Add0                ; yes                    ;
; Number of user-specified and inferred latches = 4  ;                     ;                        ;
+----------------------------------------------------+---------------------+------------------------+
Note: All latches listed above may not be present at the end of synthesis due to various synthesis optimizations.


+------------------------------------------------------+
; General Register Statistics                          ;
+----------------------------------------------+-------+
; Statistic                                    ; Value ;
+----------------------------------------------+-------+
; Total registers                              ; 0     ;
; Number of registers using Synchronous Clear  ; 0     ;
; Number of registers using Synchronous Load   ; 0     ;
; Number of registers using Asynchronous Clear ; 0     ;
; Number of registers using Asynchronous Load  ; 0     ;
; Number of registers using Clock Enable       ; 0     ;
; Number of registers using Preset             ; 0     ;
+----------------------------------------------+-------+


+------------------------------------------------------------------------------------------------------------------------------------------+
; Multiplexer Restructuring Statistics (Restructuring Performed)                                                                           ;
+--------------------+-----------+---------------+----------------------+------------------------+------------+----------------------------+
; Multiplexer Inputs ; Bus Width ; Baseline Area ; Area if Restructured ; Saving if Restructured ; Registered ; Example Multiplexer Output ;
+--------------------+-----------+---------------+----------------------+------------------------+------------+----------------------------+
; 1:1                ; 4 bits    ; 0 LEs         ; 0 LEs                ; 0 LEs                  ; No         ; |alu_bcd|Add0              ;
; 1:1                ; 4 bits    ; 0 LEs         ; 0 LEs                ; 0 LEs                  ; No         ; |alu_bcd|Mux5              ;
; 7:1                ; 4 bits    ; 16 LEs        ; 4 LEs                ; 12 LEs                 ; No         ; |alu_bcd|Add0              ;
+--------------------+-----------+---------------+----------------------+------------------------+------------+----------------------------+


+-------------------------------------------------------------------------------------+
; Parameter Settings for Inferred Entity Instance: lpm_mult:Mult0                     ;
+------------------------------------------------+--------------+---------------------+
; Parameter Name                                 ; Value        ; Type                ;
+------------------------------------------------+--------------+---------------------+
; AUTO_CARRY_CHAINS                              ; ON           ; AUTO_CARRY          ;
; IGNORE_CARRY_BUFFERS                           ; OFF          ; IGNORE_CARRY        ;
; AUTO_CASCADE_CHAINS                            ; ON           ; AUTO_CASCADE        ;
; IGNORE_CASCADE_BUFFERS                         ; OFF          ; IGNORE_CASCADE      ;
; LPM_WIDTHA                                     ; 4            ; Untyped             ;
; LPM_WIDTHB                                     ; 4            ; Untyped             ;
; LPM_WIDTHP                                     ; 8            ; Untyped             ;
; LPM_WIDTHR                                     ; 8            ; Untyped             ;
; LPM_WIDTHS                                     ; 1            ; Untyped             ;
; LPM_REPRESENTATION                             ; UNSIGNED     ; Untyped             ;
; LPM_PIPELINE                                   ; 0            ; Untyped             ;
; LATENCY                                        ; 0            ; Untyped             ;
; INPUT_A_IS_CONSTANT                            ; NO           ; Untyped             ;
; INPUT_B_IS_CONSTANT                            ; NO           ; Untyped             ;
; USE_EAB                                        ; OFF          ; Untyped             ;
; MAXIMIZE_SPEED                                 ; 5            ; Untyped             ;
; DEVICE_FAMILY                                  ; Cyclone IV E ; Untyped             ;
; CARRY_CHAIN                                    ; MANUAL       ; Untyped             ;
; APEX20K_TECHNOLOGY_MAPPER                      ; LUT          ; TECH_MAPPER_APEX20K ;
; DEDICATED_MULTIPLIER_CIRCUITRY                 ; AUTO         ; Untyped             ;
; DEDICATED_MULTIPLIER_MIN_INPUT_WIDTH_FOR_AUTO  ; 0            ; Untyped             ;
; DEDICATED_MULTIPLIER_MIN_OUTPUT_WIDTH_FOR_AUTO ; 0            ; Untyped             ;
; CBXI_PARAMETER                                 ; mult_j8t     ; Untyped             ;
; INPUT_A_FIXED_VALUE                            ; Bx           ; Untyped             ;
; INPUT_B_FIXED_VALUE                            ; Bx           ; Untyped             ;
; USE_AHDL_IMPLEMENTATION                        ; OFF          ; Untyped             ;
+------------------------------------------------+--------------+---------------------+
Note: In order to hide this table in the UI and the text report file, please set the "Show Parameter Settings in Synthesis Report" option in "Analysis and Synthesis Settings -> More Settings" to "Off".


+--------------------------------------------------------+
; lpm_mult Parameter Settings by Entity Instance         ;
+---------------------------------------+----------------+
; Name                                  ; Value          ;
+---------------------------------------+----------------+
; Number of entity instances            ; 1              ;
; Entity Instance                       ; lpm_mult:Mult0 ;
;     -- LPM_WIDTHA                     ; 4              ;
;     -- LPM_WIDTHB                     ; 4              ;
;     -- LPM_WIDTHP                     ; 8              ;
;     -- LPM_REPRESENTATION             ; UNSIGNED       ;
;     -- INPUT_A_IS_CONSTANT            ; NO             ;
;     -- INPUT_B_IS_CONSTANT            ; NO             ;
;     -- USE_EAB                        ; OFF            ;
;     -- DEDICATED_MULTIPLIER_CIRCUITRY ; AUTO           ;
;     -- INPUT_A_FIXED_VALUE            ; Bx             ;
;     -- INPUT_B_FIXED_VALUE            ; Bx             ;
+---------------------------------------+----------------+


+-----------------------------------------------------+
; Post-Synthesis Netlist Statistics for Top Partition ;
+-----------------------+-----------------------------+
; Type                  ; Count                       ;
+-----------------------+-----------------------------+
; boundary_port         ; 29                          ;
; cycloneiii_io_obuf    ; 4                           ;
; cycloneiii_lcell_comb ; 49                          ;
;     arith             ; 8                           ;
;         2 data inputs ; 2                           ;
;         3 data inputs ; 6                           ;
;     normal            ; 41                          ;
;         0 data inputs ; 2                           ;
;         1 data inputs ; 7                           ;
;         2 data inputs ; 3                           ;
;         3 data inputs ; 13                          ;
;         4 data inputs ; 16                          ;
;                       ;                             ;
; Max LUT depth         ; 5.40                        ;
; Average LUT depth     ; 4.18                        ;
+-----------------------+-----------------------------+


+-------------------------------+
; Elapsed Time Per Partition    ;
+----------------+--------------+
; Partition Name ; Elapsed Time ;
+----------------+--------------+
; Top            ; 00:00:00     ;
+----------------+--------------+


+-------------------------------+
; Analysis & Synthesis Messages ;
+-------------------------------+
Info: *******************************************************************
Info: Running Quartus Prime Analysis & Synthesis
    Info: Version 15.1.0 Build 185 10/21/2015 SJ Lite Edition
    Info: Processing started: Tue Sep 14 14:44:43 2021
Info: Command: quartus_map --read_settings_files=on --write_settings_files=off lab_3 -c lab_3
Info (20030): Parallel compilation is enabled and will use 6 of the 6 processors detected
Info (12021): Found 2 design units, including 1 entities, in source file alu_bcd.vhd
    Info (12022): Found design unit 1: alu_bcd-BHV File: C:/Users/anike/OneDrive/Desktop/lab_3/alu_bcd.vhd Line: 16
    Info (12023): Found entity 1: alu_bcd File: C:/Users/anike/OneDrive/Desktop/lab_3/alu_bcd.vhd Line: 6
Info (12127): Elaborating entity "alu_bcd" for the top level hierarchy
Warning (10492): VHDL Process Statement warning at alu_bcd.vhd(24): signal "TEMP" is read inside the Process Statement but isn't in the Process Statement's sensitivity list File: C:/Users/anike/OneDrive/Desktop/lab_3/alu_bcd.vhd Line: 24
Warning (10492): VHDL Process Statement warning at alu_bcd.vhd(28): signal "Y" is read inside the Process Statement but isn't in the Process Statement's sensitivity list File: C:/Users/anike/OneDrive/Desktop/lab_3/alu_bcd.vhd Line: 28
Warning (10631): VHDL Process Statement warning at alu_bcd.vhd(19): inferring latch(es) for signal or variable "TEMP", which holds its previous value in one or more paths through the process File: C:/Users/anike/OneDrive/Desktop/lab_3/alu_bcd.vhd Line: 19
Info (10041): Inferred latch for "TEMP[0]" at alu_bcd.vhd(19) File: C:/Users/anike/OneDrive/Desktop/lab_3/alu_bcd.vhd Line: 19
Info (10041): Inferred latch for "TEMP[1]" at alu_bcd.vhd(19) File: C:/Users/anike/OneDrive/Desktop/lab_3/alu_bcd.vhd Line: 19
Info (10041): Inferred latch for "TEMP[2]" at alu_bcd.vhd(19) File: C:/Users/anike/OneDrive/Desktop/lab_3/alu_bcd.vhd Line: 19
Info (10041): Inferred latch for "TEMP[3]" at alu_bcd.vhd(19) File: C:/Users/anike/OneDrive/Desktop/lab_3/alu_bcd.vhd Line: 19
Info (278001): Inferred 1 megafunctions from design logic
    Info (278003): Inferred multiplier megafunction ("lpm_mult") from the following logic: "Mult0" File: c:/altera_lite/15.1/quartus/libraries/vhdl/synopsys/ieee/syn_arit.vhd Line: 687
Info (12130): Elaborated megafunction instantiation "lpm_mult:Mult0" File: c:/altera_lite/15.1/quartus/libraries/vhdl/synopsys/ieee/syn_arit.vhd Line: 687
Info (12133): Instantiated megafunction "lpm_mult:Mult0" with the following parameter: File: c:/altera_lite/15.1/quartus/libraries/vhdl/synopsys/ieee/syn_arit.vhd Line: 687
    Info (12134): Parameter "LPM_WIDTHA" = "4"
    Info (12134): Parameter "LPM_WIDTHB" = "4"
    Info (12134): Parameter "LPM_WIDTHP" = "8"
    Info (12134): Parameter "LPM_WIDTHR" = "8"
    Info (12134): Parameter "LPM_WIDTHS" = "1"
    Info (12134): Parameter "LPM_REPRESENTATION" = "UNSIGNED"
    Info (12134): Parameter "INPUT_A_IS_CONSTANT" = "NO"
    Info (12134): Parameter "INPUT_B_IS_CONSTANT" = "NO"
    Info (12134): Parameter "MAXIMIZE_SPEED" = "5"
Info (12021): Found 1 design units, including 1 entities, in source file db/mult_j8t.tdf
    Info (12023): Found entity 1: mult_j8t File: C:/Users/anike/OneDrive/Desktop/lab_3/db/mult_j8t.tdf Line: 29
Warning (14284): Synthesized away the following node(s):
    Warning (14285): Synthesized away the following LCELL buffer node(s):
        Warning (14320): Synthesized away node "lpm_mult:Mult0|mult_j8t:auto_generated|le3a[5]" File: C:/Users/anike/OneDrive/Desktop/lab_3/db/mult_j8t.tdf Line: 41
        Warning (14320): Synthesized away node "lpm_mult:Mult0|mult_j8t:auto_generated|le5a[4]" File: C:/Users/anike/OneDrive/Desktop/lab_3/db/mult_j8t.tdf Line: 43
        Warning (14320): Synthesized away node "lpm_mult:Mult0|mult_j8t:auto_generated|le5a[0]" File: C:/Users/anike/OneDrive/Desktop/lab_3/db/mult_j8t.tdf Line: 43
Warning (14284): Synthesized away the following node(s):
    Warning (14285): Synthesized away the following LCELL buffer node(s):
        Warning (14320): Synthesized away node "lpm_mult:Mult0|mult_j8t:auto_generated|le3a[4]" File: C:/Users/anike/OneDrive/Desktop/lab_3/db/mult_j8t.tdf Line: 41
        Warning (14320): Synthesized away node "lpm_mult:Mult0|mult_j8t:auto_generated|le4a[5]" File: C:/Users/anike/OneDrive/Desktop/lab_3/db/mult_j8t.tdf Line: 42
        Warning (14320): Synthesized away node "lpm_mult:Mult0|mult_j8t:auto_generated|le4a[4]" File: C:/Users/anike/OneDrive/Desktop/lab_3/db/mult_j8t.tdf Line: 42
        Warning (14320): Synthesized away node "lpm_mult:Mult0|mult_j8t:auto_generated|le4a[3]" File: C:/Users/anike/OneDrive/Desktop/lab_3/db/mult_j8t.tdf Line: 42
        Warning (14320): Synthesized away node "lpm_mult:Mult0|mult_j8t:auto_generated|le4a[2]" File: C:/Users/anike/OneDrive/Desktop/lab_3/db/mult_j8t.tdf Line: 42
        Warning (14320): Synthesized away node "lpm_mult:Mult0|mult_j8t:auto_generated|le5a[3]" File: C:/Users/anike/OneDrive/Desktop/lab_3/db/mult_j8t.tdf Line: 43
        Warning (14320): Synthesized away node "lpm_mult:Mult0|mult_j8t:auto_generated|le5a[2]" File: C:/Users/anike/OneDrive/Desktop/lab_3/db/mult_j8t.tdf Line: 43
        Warning (14320): Synthesized away node "lpm_mult:Mult0|mult_j8t:auto_generated|le5a[1]" File: C:/Users/anike/OneDrive/Desktop/lab_3/db/mult_j8t.tdf Line: 43
Info (13014): Ignored 20 buffer(s)
    Info (13016): Ignored 4 CARRY_SUM buffer(s)
    Info (13019): Ignored 16 SOFT buffer(s)
Warning (13034): The following nodes have both tri-state and non-tri-state drivers
    Warning (13035): Inserted always-enabled tri-state buffer between "Y[0]" and its non-tri-state driver. File: C:/Users/anike/OneDrive/Desktop/lab_3/alu_bcd.vhd Line: 10
    Warning (13035): Inserted always-enabled tri-state buffer between "Y[1]" and its non-tri-state driver. File: C:/Users/anike/OneDrive/Desktop/lab_3/alu_bcd.vhd Line: 10
    Warning (13035): Inserted always-enabled tri-state buffer between "Y[2]" and its non-tri-state driver. File: C:/Users/anike/OneDrive/Desktop/lab_3/alu_bcd.vhd Line: 10
    Warning (13035): Inserted always-enabled tri-state buffer between "Y[3]" and its non-tri-state driver. File: C:/Users/anike/OneDrive/Desktop/lab_3/alu_bcd.vhd Line: 10
Info (13060): One or more bidirectional pins are fed by always enabled tri-state buffers
    Info (13061): Fan-out of permanently enabled tri-state buffer feeding bidirectional pin "Y[0]" is moved to its source File: C:/Users/anike/OneDrive/Desktop/lab_3/alu_bcd.vhd Line: 10
    Info (13061): Fan-out of permanently enabled tri-state buffer feeding bidirectional pin "Y[1]" is moved to its source File: C:/Users/anike/OneDrive/Desktop/lab_3/alu_bcd.vhd Line: 10
    Info (13061): Fan-out of permanently enabled tri-state buffer feeding bidirectional pin "Y[2]" is moved to its source File: C:/Users/anike/OneDrive/Desktop/lab_3/alu_bcd.vhd Line: 10
    Info (13061): Fan-out of permanently enabled tri-state buffer feeding bidirectional pin "Y[3]" is moved to its source File: C:/Users/anike/OneDrive/Desktop/lab_3/alu_bcd.vhd Line: 10
Warning (13009): TRI or OPNDRN buffers permanently enabled
    Warning (13010): Node "Y[0]~synth" File: C:/Users/anike/OneDrive/Desktop/lab_3/alu_bcd.vhd Line: 10
    Warning (13010): Node "Y[1]~synth" File: C:/Users/anike/OneDrive/Desktop/lab_3/alu_bcd.vhd Line: 10
    Warning (13010): Node "Y[2]~synth" File: C:/Users/anike/OneDrive/Desktop/lab_3/alu_bcd.vhd Line: 10
    Warning (13010): Node "Y[3]~synth" File: C:/Users/anike/OneDrive/Desktop/lab_3/alu_bcd.vhd Line: 10
Warning (13024): Output pins are stuck at VCC or GND
    Warning (13410): Pin "O1[0]" is stuck at GND File: C:/Users/anike/OneDrive/Desktop/lab_3/alu_bcd.vhd Line: 11
    Warning (13410): Pin "O1[4]" is stuck at VCC File: C:/Users/anike/OneDrive/Desktop/lab_3/alu_bcd.vhd Line: 11
    Warning (13410): Pin "O1[5]" is stuck at VCC File: C:/Users/anike/OneDrive/Desktop/lab_3/alu_bcd.vhd Line: 11
Info (286030): Timing-Driven Synthesis is running
Info (16010): Generating hard_block partition "hard_block:auto_generated_inst"
    Info (16011): Adding 0 node(s), including 0 DDIO, 0 PLL, 0 transceiver and 0 LCELL
Info (21057): Implemented 70 device resources after synthesis - the final resource count might be different
    Info (21058): Implemented 11 input pins
    Info (21059): Implemented 14 output pins
    Info (21060): Implemented 4 bidirectional pins
    Info (21061): Implemented 41 logic cells
Info: Quartus Prime Analysis & Synthesis was successful. 0 errors, 32 warnings
    Info: Peak virtual memory: 4961 megabytes
    Info: Processing ended: Tue Sep 14 14:44:53 2021
    Info: Elapsed time: 00:00:10
    Info: Total CPU time (on all processors): 00:00:18


